0 info it worked if it ends with ok
1 verbose cli [ 'node', '/usr/bin/npm', 'start' ]
2 info using npm@1.2.10
3 info using node@v0.9.5
4 verbose read json /home/shawn/Documents/programming/code/andlabs/studio-lounge-nodeserv/package.json
5 verbose run-script [ 'prestart', 'start', 'poststart' ]
6 info prestart studio-lounge-nodeserv@0.1.1-14
7 info start studio-lounge-nodeserv@0.1.1-14
8 verbose unsafe-perm in lifecycle true
9 silly exec sh "-c" "node server.npminit"
10 silly sh,-c,node server.npminit,/home/shawn/Documents/programming/code/andlabs/studio-lounge-nodeserv spawning
11 info studio-lounge-nodeserv@0.1.1-14 Failed to exec start script
12 error studio-lounge-nodeserv@0.1.1-14 start: `node server.npminit`
12 error `sh "-c" "node server.npminit"` failed with 1
13 error Failed at the studio-lounge-nodeserv@0.1.1-14 start script.
13 error This is most likely a problem with the studio-lounge-nodeserv package,
13 error not with npm itself.
13 error Tell the author that this fails on your system:
13 error     node server.npminit
13 error You can get their info via:
13 error     npm owner ls studio-lounge-nodeserv
13 error There is likely additional logging output above.
14 error System Linux 3.7.6-201.fc18.x86_64
15 error command "node" "/usr/bin/npm" "start"
16 error cwd /home/shawn/Documents/programming/code/andlabs/studio-lounge-nodeserv
17 error node -v v0.9.5
18 error npm -v 1.2.10
19 error code ELIFECYCLE
20 verbose exit [ 1, true ]
